M	myMalloc.c
Your branch is up to date with 'origin/master'.
[master 103287c] Commit
 2 files changed, 690 insertions(+), 43 deletions(-)
 create mode 100644 origmyMalloc.c
M	myMalloc.c
Your branch is up to date with 'origin/master'.
[master 4380c74] Commit
 1 file changed, 195 insertions(+), 195 deletions(-)
M	myMalloc.c
Your branch is up to date with 'origin/master'.
[master ef24ee1] Commit
 1 file changed, 9 insertions(+), 3 deletions(-)
M	myMalloc.c
D	origmyMalloc.c
Your branch is up to date with 'origin/master'.
[master b7f202a] Commit
 2 files changed, 35 insertions(+), 688 deletions(-)
 delete mode 100644 origmyMalloc.c
Your branch is up to date with 'origin/master'.
On branch master
Your branch is up to date with 'origin/master'.

Untracked files:
	.local.git.out
	examples/composite_ex
	examples/constructor_ex
	myMalloc.c.ak
	myMalloc.c.temp
	tests/test_all_lists
	tests/test_coalesce_chunk_coalesce
	tests/test_coalesce_chunk_insert
	tests/test_corrupted_canary
	tests/test_double_free
	tests/test_exact
	tests/test_free_both
	tests/test_free_even
	tests/test_free_insert
	tests/test_free_left
	tests/test_free_null
	tests/test_free_odd
	tests/test_free_right
	tests/test_insert_chunk
	tests/test_large
	tests/test_locks
	tests/test_malloc_large
	tests/test_malloc_too_large
	tests/test_malloc_zero
	tests/test_multi_malloc
	tests/test_out_of_ram
	tests/test_random
	tests/test_random_sizes
	tests/test_simple0
	tests/test_simple1
	tests/test_simple2
	tests/test_simple3
	tests/test_simple4
	tests/test_simple5
	tests/test_simple6
	tests/test_split
	tests/test_verify
	tests/test_very_large

nothing added to commit but untracked files present
M	myMalloc.c
Your branch is up to date with 'origin/master'.
[master 9260b8d] Commit
 1 file changed, 1 insertion(+), 1 deletion(-)
Your branch is up to date with 'origin/master'.
On branch master
Your branch is up to date with 'origin/master'.

Untracked files:
	.local.git.out
	myMalloc.c.ak
	myMalloc.c.temp

nothing added to commit but untracked files present
Your branch is up to date with 'origin/master'.
On branch master
Your branch is up to date with 'origin/master'.

Untracked files:
	.local.git.out
	examples/composite_ex
	examples/constructor_ex
	myMalloc.c.ak
	myMalloc.c.temp
	tests/test_all_lists
	tests/test_coalesce_chunk_coalesce
	tests/test_coalesce_chunk_insert
	tests/test_corrupted_canary
	tests/test_double_free
	tests/test_exact
	tests/test_free_both
	tests/test_free_even
	tests/test_free_insert
	tests/test_free_left
	tests/test_free_null
	tests/test_free_odd
	tests/test_free_right
	tests/test_insert_chunk
	tests/test_large
	tests/test_locks
	tests/test_malloc_large
	tests/test_malloc_too_large
	tests/test_malloc_zero
	tests/test_multi_malloc
	tests/test_out_of_ram
	tests/test_random
	tests/test_random_sizes
	tests/test_simple0
	tests/test_simple1
	tests/test_simple2
	tests/test_simple3
	tests/test_simple4
	tests/test_simple5
	tests/test_simple6
	tests/test_split
	tests/test_verify
	tests/test_very_large

nothing added to commit but untracked files present
M	myMalloc.c
Your branch is up to date with 'origin/master'.
[master ad305d1] Commit
 1 file changed, 1 insertion(+)
M	myMalloc.c
Your branch is up to date with 'origin/master'.
[master a498340] Commit
 1 file changed, 4 insertions(+)
M	myMalloc.c
Your branch is up to date with 'origin/master'.
[master 14f0c12] Commit
 1 file changed, 59 insertions(+), 3 deletions(-)
M	myMalloc.c
Your branch is up to date with 'origin/master'.
[master eeb52a0] Commit
 1 file changed, 10 insertions(+), 10 deletions(-)
Your branch is up to date with 'origin/master'.
On branch master
Your branch is up to date with 'origin/master'.

Untracked files:
	.local.git.out
	examples/composite_ex
	examples/constructor_ex
	myMalloc.c.ak
	myMalloc.c.temp
	tests/test_all_lists
	tests/test_coalesce_chunk_coalesce
	tests/test_coalesce_chunk_insert
	tests/test_corrupted_canary
	tests/test_double_free
	tests/test_exact
	tests/test_free_both
	tests/test_free_even
	tests/test_free_insert
	tests/test_free_left
	tests/test_free_null
	tests/test_free_odd
	tests/test_free_right
	tests/test_insert_chunk
	tests/test_large
	tests/test_locks
	tests/test_malloc_large
	tests/test_malloc_too_large
	tests/test_malloc_zero
	tests/test_multi_malloc
	tests/test_out_of_ram
	tests/test_random
	tests/test_random_sizes
	tests/test_simple0
	tests/test_simple1
	tests/test_simple2
	tests/test_simple3
	tests/test_simple4
	tests/test_simple5
	tests/test_simple6
	tests/test_split
	tests/test_verify
	tests/test_very_large

nothing added to commit but untracked files present
M	myMalloc.c
Your branch is up to date with 'origin/master'.
[master 26fe165] Commit
 1 file changed, 3 insertions(+)
M	myMalloc.c
Your branch is up to date with 'origin/master'.
[master da3c1bb] Commit
 1 file changed, 1 insertion(+)
M	myMalloc.c
Your branch is up to date with 'origin/master'.
[master 1ae09b8] Commit
 1 file changed, 10 insertions(+), 14 deletions(-)
Your branch is up to date with 'origin/master'.
On branch master
Your branch is up to date with 'origin/master'.

Untracked files:
	.local.git.out
	examples/composite_ex
	examples/constructor_ex
	myMalloc.c.ak
	myMalloc.c.temp
	tests/test_all_lists
	tests/test_coalesce_chunk_coalesce
	tests/test_coalesce_chunk_insert
	tests/test_corrupted_canary
	tests/test_double_free
	tests/test_exact
	tests/test_free_both
	tests/test_free_even
	tests/test_free_insert
	tests/test_free_left
	tests/test_free_null
	tests/test_free_odd
	tests/test_free_right
	tests/test_insert_chunk
	tests/test_large
	tests/test_locks
	tests/test_malloc_large
	tests/test_malloc_too_large
	tests/test_malloc_zero
	tests/test_multi_malloc
	tests/test_out_of_ram
	tests/test_random
	tests/test_random_sizes
	tests/test_simple0
	tests/test_simple1
	tests/test_simple2
	tests/test_simple3
	tests/test_simple4
	tests/test_simple5
	tests/test_simple6
	tests/test_split
	tests/test_verify
	tests/test_very_large

nothing added to commit but untracked files present
M	myMalloc.c
Your branch is up to date with 'origin/master'.
[master d20d589] Commit
 1 file changed, 2 insertions(+), 1 deletion(-)
M	myMalloc.c
Your branch is up to date with 'origin/master'.
[master ef24d12] Commit
 1 file changed, 2 insertions(+), 1 deletion(-)
M	myMalloc.c
Your branch is up to date with 'origin/master'.
[master 41c2e96] Commit
 1 file changed, 4 insertions(+), 2 deletions(-)
M	myMalloc.c
Your branch is up to date with 'origin/master'.
[master c03c59a] Commit
 1 file changed, 1 insertion(+), 1 deletion(-)
M	myMalloc.c
Your branch is up to date with 'origin/master'.
[master 1fa33c9] Commit
 1 file changed, 2 insertions(+), 1 deletion(-)
Your branch is up to date with 'origin/master'.
On branch master
Your branch is up to date with 'origin/master'.

Untracked files:
	.local.git.out
	examples/composite_ex
	examples/constructor_ex
	myMalloc.c.ak
	myMalloc.c.temp
	tests/test_all_lists
	tests/test_coalesce_chunk_coalesce
	tests/test_coalesce_chunk_insert
	tests/test_corrupted_canary
	tests/test_double_free
	tests/test_exact
	tests/test_free_both
	tests/test_free_even
	tests/test_free_insert
	tests/test_free_left
	tests/test_free_null
	tests/test_free_odd
	tests/test_free_right
	tests/test_insert_chunk
	tests/test_large
	tests/test_locks
	tests/test_malloc_large
	tests/test_malloc_too_large
	tests/test_malloc_zero
	tests/test_multi_malloc
	tests/test_out_of_ram
	tests/test_random
	tests/test_random_sizes
	tests/test_simple1
	tests/test_simple2
	tests/test_simple3
	tests/test_simple4
	tests/test_simple5
	tests/test_simple6
	tests/test_split
	tests/test_verify
	tests/test_very_large

nothing added to commit but untracked files present
M	myMalloc.c
Your branch is up to date with 'origin/master'.
[master 4f4e749] Commit
 1 file changed, 34 insertions(+), 1 deletion(-)
M	myMalloc.c
Your branch is up to date with 'origin/master'.
[master 5056980] Commit
 1 file changed, 6 insertions(+), 5 deletions(-)
M	myMalloc.c
Your branch is up to date with 'origin/master'.
[master 78d41da] Commit
 1 file changed, 1 insertion(+), 1 deletion(-)
M	myMalloc.c
Your branch is up to date with 'origin/master'.
[master 3ac685b] Commit
 1 file changed, 1 insertion(+), 1 deletion(-)
M	myMalloc.c
Your branch is up to date with 'origin/master'.
[master 9c3c8a4] Commit
 1 file changed, 1 insertion(+), 1 deletion(-)
M	myMalloc.c
Your branch is up to date with 'origin/master'.
[master 0ecc878] Commit
 1 file changed, 1 insertion(+), 1 deletion(-)
M	myMalloc.c
Your branch is up to date with 'origin/master'.
[master 0cad327] Commit
 1 file changed, 1 insertion(+), 1 deletion(-)
M	myMalloc.c
Your branch is up to date with 'origin/master'.
[master e23f6fa] Commit
 1 file changed, 1 insertion(+), 1 deletion(-)
M	myMalloc.c
Your branch is up to date with 'origin/master'.
[master 64348bf] Commit
 1 file changed, 1 insertion(+), 1 deletion(-)
M	myMalloc.c
Your branch is up to date with 'origin/master'.
[master 8282c7b] Commit
 1 file changed, 1 insertion(+), 1 deletion(-)
M	myMalloc.c
Your branch is up to date with 'origin/master'.
[master 505f5e6] Commit
 1 file changed, 1 insertion(+), 1 deletion(-)
M	myMalloc.c
Your branch is up to date with 'origin/master'.
[master ead3e70] Commit
 1 file changed, 58 insertions(+)
M	myMalloc.c
Your branch is up to date with 'origin/master'.
[master 0cb268d] Commit
 1 file changed, 2 insertions(+), 1 deletion(-)
M	myMalloc.c
Your branch is up to date with 'origin/master'.
[master e534b42] Commit
 1 file changed, 2 insertions(+), 1 deletion(-)
M	myMalloc.c
Your branch is up to date with 'origin/master'.
[master 27c5b31] Commit
 1 file changed, 2 insertions(+), 2 deletions(-)
M	myMalloc.c
Your branch is up to date with 'origin/master'.
[master c9c8260] Commit
 1 file changed, 1 insertion(+), 1 deletion(-)
M	myMalloc.c
Your branch is up to date with 'origin/master'.
[master a69ea77] Commit
 1 file changed, 1 insertion(+), 1 deletion(-)
M	myMalloc.c
Your branch is up to date with 'origin/master'.
[master d0faad3] Commit
 1 file changed, 1 insertion(+), 1 deletion(-)
M	myMalloc.c
Your branch is up to date with 'origin/master'.
[master b4c74da] Commit
 1 file changed, 5 insertions(+), 3 deletions(-)
M	myMalloc.c
Your branch is up to date with 'origin/master'.
[master 34f4a05] Commit
 1 file changed, 1 insertion(+), 1 deletion(-)
M	myMalloc.c
Your branch is up to date with 'origin/master'.
[master ee6deb7] Commit
 1 file changed, 1 insertion(+), 1 deletion(-)
M	myMalloc.c
Your branch is up to date with 'origin/master'.
[master 9041cfa] Commit
 1 file changed, 1 insertion(+), 1 deletion(-)
Your branch is up to date with 'origin/master'.
On branch master
Your branch is up to date with 'origin/master'.

Untracked files:
	.local.git.out
	examples/composite_ex
	examples/constructor_ex
	myMalloc.c.ak
	myMalloc.c.temp
	tests/test_all_lists
	tests/test_coalesce_chunk_coalesce
	tests/test_coalesce_chunk_insert
	tests/test_corrupted_canary
	tests/test_double_free
	tests/test_exact
	tests/test_free_both
	tests/test_free_even
	tests/test_free_insert
	tests/test_free_left
	tests/test_free_null
	tests/test_free_odd
	tests/test_free_right
	tests/test_insert_chunk
	tests/test_large
	tests/test_locks
	tests/test_malloc_large
	tests/test_malloc_too_large
	tests/test_malloc_zero
	tests/test_multi_malloc
	tests/test_out_of_ram
	tests/test_random
	tests/test_random_sizes
	tests/test_simple0
	tests/test_simple1
	tests/test_simple2
	tests/test_simple3
	tests/test_simple4
	tests/test_simple5
	tests/test_simple6
	tests/test_split
	tests/test_verify
	tests/test_very_large

nothing added to commit but untracked files present
Your branch is up to date with 'origin/master'.
On branch master
Your branch is up to date with 'origin/master'.

Untracked files:
	.local.git.out
	examples/composite_ex
	examples/constructor_ex
	myMalloc.c.ak
	myMalloc.c.temp
	tests/test_all_lists
	tests/test_coalesce_chunk_coalesce
	tests/test_coalesce_chunk_insert
	tests/test_corrupted_canary
	tests/test_double_free
	tests/test_exact
	tests/test_free_both
	tests/test_free_even
	tests/test_free_insert
	tests/test_free_left
	tests/test_free_null
	tests/test_free_odd
	tests/test_free_right
	tests/test_insert_chunk
	tests/test_large
	tests/test_locks
	tests/test_malloc_large
	tests/test_malloc_too_large
	tests/test_malloc_zero
	tests/test_multi_malloc
	tests/test_out_of_ram
	tests/test_random
	tests/test_random_sizes
	tests/test_simple0
	tests/test_simple1
	tests/test_simple2
	tests/test_simple3
	tests/test_simple4
	tests/test_simple5
	tests/test_simple6
	tests/test_split
	tests/test_verify
	tests/test_very_large

nothing added to commit but untracked files present
M	myMalloc.c
Your branch is up to date with 'origin/master'.
[master 66a101e] Commit
 1 file changed, 25 insertions(+)
M	myMalloc.c
Your branch is up to date with 'origin/master'.
[master 2d4faf8] Commit
 1 file changed, 84 insertions(+), 3 deletions(-)
M	myMalloc.c
Your branch is up to date with 'origin/master'.
[master bd82477] Commit
 1 file changed, 4 insertions(+), 2 deletions(-)
Your branch is up to date with 'origin/master'.
On branch master
Your branch is up to date with 'origin/master'.

Untracked files:
	.local.git.out
	examples/composite_ex
	examples/constructor_ex
	myMalloc.c.ak
	myMalloc.c.temp
	tests/test_all_lists
	tests/test_coalesce_chunk_coalesce
	tests/test_coalesce_chunk_insert
	tests/test_corrupted_canary
	tests/test_double_free
	tests/test_exact
	tests/test_free_both
	tests/test_free_even
	tests/test_free_insert
	tests/test_free_left
	tests/test_free_null
	tests/test_free_odd
	tests/test_free_right
	tests/test_insert_chunk
	tests/test_large
	tests/test_locks
	tests/test_malloc_large
	tests/test_malloc_too_large
	tests/test_malloc_zero
	tests/test_multi_malloc
	tests/test_out_of_ram
	tests/test_random
	tests/test_random_sizes
	tests/test_simple0
	tests/test_simple1
	tests/test_simple2
	tests/test_simple3
	tests/test_simple4
	tests/test_simple5
	tests/test_simple6
	tests/test_split
	tests/test_verify
	tests/test_very_large

nothing added to commit but untracked files present
M	myMalloc.c
Your branch is up to date with 'origin/master'.
[master 4edbb32] Commit
 1 file changed, 1 insertion(+), 1 deletion(-)
M	myMalloc.c
Your branch is up to date with 'origin/master'.
[master 5a0769c] Commit
 1 file changed, 2 insertions(+), 1 deletion(-)
M	myMalloc.c
Your branch is up to date with 'origin/master'.
[master e64f97c] Commit
 1 file changed, 2 insertions(+), 1 deletion(-)
M	myMalloc.c
Your branch is up to date with 'origin/master'.
[master bed90c4] Commit
 1 file changed, 4 insertions(+), 2 deletions(-)
M	myMalloc.c
Your branch is up to date with 'origin/master'.
[master 3f6b5ba] Commit
 1 file changed, 4 insertions(+), 3 deletions(-)
M	myMalloc.c
Your branch is up to date with 'origin/master'.
[master ce3485f] Commit
 1 file changed, 1 insertion(+), 1 deletion(-)
M	myMalloc.c
Your branch is up to date with 'origin/master'.
[master 2e06942] Commit
 1 file changed, 2 insertions(+), 1 deletion(-)
M	myMalloc.c
Your branch is up to date with 'origin/master'.
[master e1ab26f] Commit
 1 file changed, 2 insertions(+), 1 deletion(-)
M	myMalloc.c
Your branch is up to date with 'origin/master'.
[master d18f3d2] Commit
 1 file changed, 2 insertions(+), 1 deletion(-)
M	myMalloc.c
Your branch is up to date with 'origin/master'.
[master 08a5a28] Commit
 1 file changed, 2 insertions(+), 1 deletion(-)
M	myMalloc.c
Your branch is up to date with 'origin/master'.
[master d9e4efb] Commit
 1 file changed, 2 insertions(+), 1 deletion(-)
M	myMalloc.c
Your branch is up to date with 'origin/master'.
[master 081c78a] Commit
 1 file changed, 2 insertions(+), 1 deletion(-)
M	myMalloc.c
Your branch is up to date with 'origin/master'.
[master e2287ea] Commit
 1 file changed, 2 insertions(+), 1 deletion(-)
M	myMalloc.c
Your branch is up to date with 'origin/master'.
[master 0029014] Commit
 1 file changed, 2 insertions(+), 1 deletion(-)
M	myMalloc.c
Your branch is up to date with 'origin/master'.
[master 82207a5] Commit
 1 file changed, 2 insertions(+), 1 deletion(-)
M	myMalloc.c
Your branch is up to date with 'origin/master'.
[master b09b197] Commit
 1 file changed, 2 insertions(+), 1 deletion(-)
M	myMalloc.c
Your branch is up to date with 'origin/master'.
[master 4d0036a] Commit
 1 file changed, 2 insertions(+), 1 deletion(-)
M	myMalloc.c
Your branch is up to date with 'origin/master'.
[master 9ed96de] Commit
 1 file changed, 2 insertions(+), 1 deletion(-)
Your branch is up to date with 'origin/master'.
On branch master
Your branch is up to date with 'origin/master'.

Untracked files:
	.local.git.out
	examples/composite_ex
	examples/constructor_ex
	myMalloc.c.ak
	myMalloc.c.temp
	tests/test_all_lists
	tests/test_coalesce_chunk_coalesce
	tests/test_coalesce_chunk_insert
	tests/test_corrupted_canary
	tests/test_double_free
	tests/test_exact
	tests/test_free_both
	tests/test_free_even
	tests/test_free_insert
	tests/test_free_left
	tests/test_free_null
	tests/test_free_odd
	tests/test_free_right
	tests/test_insert_chunk
	tests/test_large
	tests/test_locks
	tests/test_malloc_large
	tests/test_malloc_too_large
	tests/test_malloc_zero
	tests/test_multi_malloc
	tests/test_out_of_ram
	tests/test_random
	tests/test_random_sizes
	tests/test_simple0
	tests/test_simple1
	tests/test_simple2
	tests/test_simple3
	tests/test_simple4
	tests/test_simple5
	tests/test_simple6
	tests/test_split
	tests/test_verify
	tests/test_very_large

nothing added to commit but untracked files present
M	myMalloc.c
Your branch is up to date with 'origin/master'.
[master 9347aaa] Commit
 1 file changed, 1 insertion(+), 1 deletion(-)
M	myMalloc.c
Your branch is up to date with 'origin/master'.
[master 546d43e] Commit
 1 file changed, 2 insertions(+), 1 deletion(-)
M	myMalloc.c
Your branch is up to date with 'origin/master'.
[master 4918e5d] Commit
 1 file changed, 1 insertion(+), 1 deletion(-)
M	myMalloc.c
Your branch is up to date with 'origin/master'.
[master 15e19a1] Commit
 1 file changed, 5 insertions(+)
M	myMalloc.c
Your branch is up to date with 'origin/master'.
[master 066852c] Commit
 1 file changed, 5 deletions(-)
M	myMalloc.c
Your branch is up to date with 'origin/master'.
[master e9e9e4b] Commit
 1 file changed, 1 insertion(+), 1 deletion(-)
M	myMalloc.c
Your branch is up to date with 'origin/master'.
[master 96c8801] Commit
 1 file changed, 1 insertion(+), 1 deletion(-)
M	myMalloc.c
Your branch is up to date with 'origin/master'.
[master 8c38eec] Commit
 1 file changed, 1 insertion(+), 1 deletion(-)
M	myMalloc.c
Your branch is up to date with 'origin/master'.
[master bf2479e] Commit
 1 file changed, 1 insertion(+), 1 deletion(-)
Your branch is up to date with 'origin/master'.
On branch master
Your branch is up to date with 'origin/master'.

Untracked files:
	.local.git.out
	myMalloc.c.old
	myMalloc.c.orig

nothing added to commit but untracked files present
M	myMalloc.c
Your branch is up to date with 'origin/master'.
[master fa41d68] Commit
 1 file changed, 1 insertion(+), 1 deletion(-)
M	myMalloc.c
Your branch is up to date with 'origin/master'.
[master e81c815] Commit
 1 file changed, 1 insertion(+), 1 deletion(-)
M	myMalloc.c
Your branch is up to date with 'origin/master'.
[master 99f1861] Commit
 1 file changed, 1 insertion(+), 1 deletion(-)
M	myMalloc.c
Your branch is up to date with 'origin/master'.
[master 3b303d3] Commit
 1 file changed, 1 insertion(+), 1 deletion(-)
M	myMalloc.c
Your branch is up to date with 'origin/master'.
[master be457e3] Commit
 1 file changed, 2 insertions(+), 1 deletion(-)
M	myMalloc.c
Your branch is up to date with 'origin/master'.
[master 149c1ac] Commit
 1 file changed, 1 insertion(+), 1 deletion(-)
M	myMalloc.c
Your branch is up to date with 'origin/master'.
[master 2380288] Commit
 1 file changed, 1 deletion(-)
M	myMalloc.c
Your branch is up to date with 'origin/master'.
[master 0f13d07] Commit
 1 file changed, 1 insertion(+), 1 deletion(-)
M	myMalloc.c
Your branch is up to date with 'origin/master'.
[master 6e4ec3b] Commit
 1 file changed, 2 insertions(+), 1 deletion(-)
M	myMalloc.c
Your branch is up to date with 'origin/master'.
[master 16e4af5] Commit
 1 file changed, 1 insertion(+), 1 deletion(-)
M	myMalloc.c
Your branch is up to date with 'origin/master'.
[master 71018d7] Commit
 1 file changed, 2 insertions(+), 2 deletions(-)
M	myMalloc.c
Your branch is up to date with 'origin/master'.
[master 71cd110] Commit
 1 file changed, 2 insertions(+), 2 deletions(-)
M	myMalloc.c
Your branch is up to date with 'origin/master'.
[master dfd83c7] Commit
 1 file changed, 2 insertions(+), 2 deletions(-)
M	myMalloc.c
Your branch is up to date with 'origin/master'.
[master 1ed00da] Commit
 1 file changed, 3 insertions(+)
M	myMalloc.c
Your branch is up to date with 'origin/master'.
[master 8b1e423] Commit
 1 file changed, 1 insertion(+)
M	myMalloc.c
Your branch is up to date with 'origin/master'.
[master f5acba4] Commit
 1 file changed, 1 insertion(+)
M	myMalloc.c
Your branch is up to date with 'origin/master'.
[master 30d9502] Commit
 1 file changed, 1 insertion(+)
M	myMalloc.c
Your branch is up to date with 'origin/master'.
[master 1391efe] Commit
 1 file changed, 1 insertion(+), 1 deletion(-)
M	myMalloc.c
Your branch is up to date with 'origin/master'.
[master c8c85c5] Commit
 1 file changed, 1 insertion(+)
M	myMalloc.c
Your branch is up to date with 'origin/master'.
[master c4a61da] Commit
 1 file changed, 1 insertion(+), 1 deletion(-)
M	myMalloc.c
Your branch is up to date with 'origin/master'.
[master 1eb04e6] Commit
 1 file changed, 1 insertion(+)
M	myMalloc.c
Your branch is up to date with 'origin/master'.
[master e53af26] Commit
 1 file changed, 2 insertions(+), 1 deletion(-)
Your branch is up to date with 'origin/master'.
On branch master
Your branch is up to date with 'origin/master'.

Untracked files:
	.local.git.out
	myMalloc.c.old
	myMalloc.c.orig

nothing added to commit but untracked files present
M	myMalloc.c
Your branch is up to date with 'origin/master'.
[master 9ec89d1] Commit
 1 file changed, 10 insertions(+), 10 deletions(-)
M	myMalloc.c
Your branch is up to date with 'origin/master'.
[master e8591bd] Commit
 1 file changed, 4 insertions(+), 4 deletions(-)
Your branch is up to date with 'origin/master'.
On branch master
Your branch is up to date with 'origin/master'.

Untracked files:
	.local.git.out
	examples/composite_ex
	examples/constructor_ex
	myMalloc.c.old
	myMalloc.c.orig
	tests/test_all_lists
	tests/test_coalesce_chunk_coalesce
	tests/test_coalesce_chunk_insert
	tests/test_corrupted_canary
	tests/test_double_free
	tests/test_exact
	tests/test_free_both
	tests/test_free_even
	tests/test_free_insert
	tests/test_free_left
	tests/test_free_null
	tests/test_free_odd
	tests/test_free_right
	tests/test_insert_chunk
	tests/test_large
	tests/test_locks
	tests/test_malloc_large
	tests/test_malloc_too_large
	tests/test_malloc_zero
	tests/test_multi_malloc
	tests/test_out_of_ram
	tests/test_random
	tests/test_random_sizes
	tests/test_simple0
	tests/test_simple1
	tests/test_simple2
	tests/test_simple3
	tests/test_simple4
	tests/test_simple5
	tests/test_simple6
	tests/test_split
	tests/test_verify
	tests/test_very_large

nothing added to commit but untracked files present
Your branch is up to date with 'origin/master'.
On branch master
Your branch is up to date with 'origin/master'.

Untracked files:
	.local.git.out
	myMalloc.c.old
	myMalloc.c.orig

nothing added to commit but untracked files present
Your branch is up to date with 'origin/master'.
On branch master
Your branch is up to date with 'origin/master'.

Untracked files:
	.local.git.out
	examples/composite_ex
	examples/constructor_ex
	myMalloc.c.old
	myMalloc.c.orig
	tests/test_all_lists
	tests/test_coalesce_chunk_coalesce
	tests/test_coalesce_chunk_insert
	tests/test_corrupted_canary
	tests/test_double_free
	tests/test_exact
	tests/test_free_both
	tests/test_free_even
	tests/test_free_insert
	tests/test_free_left
	tests/test_free_null
	tests/test_free_odd
	tests/test_free_right
	tests/test_insert_chunk
	tests/test_large
	tests/test_locks
	tests/test_malloc_large
	tests/test_malloc_too_large
	tests/test_malloc_zero
	tests/test_multi_malloc
	tests/test_out_of_ram
	tests/test_random
	tests/test_random_sizes
	tests/test_simple0
	tests/test_simple1
	tests/test_simple2
	tests/test_simple3
	tests/test_simple4
	tests/test_simple5
	tests/test_simple6
	tests/test_split
	tests/test_verify
	tests/test_very_large

nothing added to commit but untracked files present
Your branch is up to date with 'origin/master'.
On branch master
Your branch is up to date with 'origin/master'.

Untracked files:
	.local.git.out
	examples/composite_ex
	examples/constructor_ex
	myMalloc.c.old
	myMalloc.c.orig
	tests/test_all_lists
	tests/test_coalesce_chunk_coalesce
	tests/test_coalesce_chunk_insert
	tests/test_corrupted_canary
	tests/test_double_free
	tests/test_exact
	tests/test_free_both
	tests/test_free_even
	tests/test_free_insert
	tests/test_free_left
	tests/test_free_null
	tests/test_free_odd
	tests/test_free_right
	tests/test_insert_chunk
	tests/test_large
	tests/test_locks
	tests/test_malloc_large
	tests/test_malloc_too_large
	tests/test_malloc_zero
	tests/test_multi_malloc
	tests/test_out_of_ram
	tests/test_random
	tests/test_random_sizes
	tests/test_simple0
	tests/test_simple1
	tests/test_simple2
	tests/test_simple3
	tests/test_simple4
	tests/test_simple5
	tests/test_simple6
	tests/test_split
	tests/test_verify
	tests/test_very_large

nothing added to commit but untracked files present
M	myMalloc.c
Your branch is up to date with 'origin/master'.
[master d3e2e69] Commit
 2 files changed, 704 insertions(+), 5 deletions(-)
 create mode 100644 myMalloc1.c
Your branch is up to date with 'origin/master'.
On branch master
Your branch is up to date with 'origin/master'.

Untracked files:
	.local.git.out
	examples/composite_ex
	examples/constructor_ex
	myMalloc.c.old
	myMalloc.c.orig
	tests/test_all_lists
	tests/test_coalesce_chunk_coalesce
	tests/test_coalesce_chunk_insert
	tests/test_corrupted_canary
	tests/test_double_free
	tests/test_exact
	tests/test_free_both
	tests/test_free_even
	tests/test_free_insert
	tests/test_free_left
	tests/test_free_null
	tests/test_free_odd
	tests/test_free_right
	tests/test_insert_chunk
	tests/test_large
	tests/test_locks
	tests/test_malloc_large
	tests/test_malloc_too_large
	tests/test_malloc_zero
	tests/test_multi_malloc
	tests/test_out_of_ram
	tests/test_random
	tests/test_random_sizes
	tests/test_simple0
	tests/test_simple1
	tests/test_simple2
	tests/test_simple3
	tests/test_simple4
	tests/test_simple5
	tests/test_simple6
	tests/test_split
	tests/test_verify
	tests/test_very_large

nothing added to commit but untracked files present
M	myMalloc.c
Your branch is up to date with 'origin/master'.
[master 398821b] Commit
 2 files changed, 714 insertions(+), 11 deletions(-)
 create mode 100644 myMalloc2.c
M	tests/Makefile
Your branch is up to date with 'origin/master'.
[master 46b7980] Commit
 1 file changed, 1 insertion(+), 1 deletion(-)
M	myMalloc.c
Your branch is up to date with 'origin/master'.
[master 31bb4eb] Commit
 2 files changed, 858 insertions(+), 197 deletions(-)
 create mode 100644 myMalloc.penultimate.c
Your branch is up to date with 'origin/master'.
On branch master
Your branch is up to date with 'origin/master'.

Untracked files:
	.local.git.out
	diff.patch
	examples/composite_ex
	examples/constructor_ex
	myMalloc.c.old
	myMalloc.c.orig
	tests/test_all_lists
	tests/test_coalesce_chunk_coalesce
	tests/test_coalesce_chunk_insert
	tests/test_corrupted_canary
	tests/test_double_free
	tests/test_exact
	tests/test_free_both
	tests/test_free_even
	tests/test_free_insert
	tests/test_free_left
	tests/test_free_null
	tests/test_free_odd
	tests/test_free_right
	tests/test_insert_chunk
	tests/test_large
	tests/test_locks
	tests/test_malloc_large
	tests/test_malloc_too_large
	tests/test_malloc_zero
	tests/test_multi_malloc
	tests/test_out_of_ram
	tests/test_random
	tests/test_random_sizes
	tests/test_simple0
	tests/test_simple1
	tests/test_simple2
	tests/test_simple3
	tests/test_simple4
	tests/test_simple5
	tests/test_simple6
	tests/test_split
	tests/test_verify
	tests/test_very_large

nothing added to commit but untracked files present
Your branch is up to date with 'origin/master'.
On branch master
Your branch is up to date with 'origin/master'.

Untracked files:
	.local.git.out
	diff.patch
	examples/composite_ex
	examples/constructor_ex
	myMalloc.c.old
	myMalloc.c.orig
	tests/test_all_lists
	tests/test_coalesce_chunk_coalesce
	tests/test_coalesce_chunk_insert
	tests/test_corrupted_canary
	tests/test_double_free
	tests/test_exact
	tests/test_free_both
	tests/test_free_even
	tests/test_free_insert
	tests/test_free_left
	tests/test_free_null
	tests/test_free_odd
	tests/test_free_right
	tests/test_insert_chunk
	tests/test_large
	tests/test_locks
	tests/test_malloc_large
	tests/test_malloc_too_large
	tests/test_malloc_zero
	tests/test_multi_malloc
	tests/test_out_of_ram
	tests/test_random
	tests/test_random_sizes
	tests/test_simple0
	tests/test_simple1
	tests/test_simple2
	tests/test_simple3
	tests/test_simple4
	tests/test_simple5
	tests/test_simple6
	tests/test_split
	tests/test_verify
	tests/test_very_large

nothing added to commit but untracked files present
Your branch is up to date with 'origin/master'.
On branch master
Your branch is up to date with 'origin/master'.

Untracked files:
	.local.git.out
	diff.patch
	examples/composite_ex
	examples/constructor_ex
	myMalloc.c.old
	myMalloc.c.orig
	tests/test_all_lists
	tests/test_coalesce_chunk_coalesce
	tests/test_coalesce_chunk_insert
	tests/test_corrupted_canary
	tests/test_double_free
	tests/test_exact
	tests/test_free_both
	tests/test_free_even
	tests/test_free_insert
	tests/test_free_left
	tests/test_free_null
	tests/test_free_odd
	tests/test_free_right
	tests/test_insert_chunk
	tests/test_large
	tests/test_locks
	tests/test_malloc_large
	tests/test_malloc_too_large
	tests/test_malloc_zero
	tests/test_multi_malloc
	tests/test_out_of_ram
	tests/test_random
	tests/test_random_sizes
	tests/test_simple0
	tests/test_simple1
	tests/test_simple2
	tests/test_simple3
	tests/test_simple4
	tests/test_simple5
	tests/test_simple6
	tests/test_split
	tests/test_verify
	tests/test_very_large

nothing added to commit but untracked files present
Your branch is up to date with 'origin/master'.
On branch master
Your branch is up to date with 'origin/master'.

Untracked files:
	.local.git.out
	diff.patch
	examples/composite_ex
	examples/constructor_ex
	myMalloc.c.old
	myMalloc.c.orig
	tests/test_all_lists
	tests/test_coalesce_chunk_coalesce
	tests/test_coalesce_chunk_insert
	tests/test_corrupted_canary
	tests/test_double_free
	tests/test_exact
	tests/test_free_both
	tests/test_free_even
	tests/test_free_insert
	tests/test_free_left
	tests/test_free_null
	tests/test_free_odd
	tests/test_free_right
	tests/test_insert_chunk
	tests/test_large
	tests/test_locks
	tests/test_malloc_large
	tests/test_malloc_too_large
	tests/test_malloc_zero
	tests/test_multi_malloc
	tests/test_out_of_ram
	tests/test_random
	tests/test_random_sizes
	tests/test_simple0
	tests/test_simple1
	tests/test_simple2
	tests/test_simple3
	tests/test_simple4
	tests/test_simple5
	tests/test_simple6
	tests/test_split
	tests/test_verify
	tests/test_very_large

nothing added to commit but untracked files present
Your branch is up to date with 'origin/master'.
On branch master
Your branch is up to date with 'origin/master'.

Untracked files:
	.local.git.out
	diff.patch
	examples/composite_ex
	examples/constructor_ex
	myMalloc.c.old
	myMalloc.c.orig
	tests/test_all_lists
	tests/test_coalesce_chunk_coalesce
	tests/test_coalesce_chunk_insert
	tests/test_corrupted_canary
	tests/test_double_free
	tests/test_exact
	tests/test_free_both
	tests/test_free_even
	tests/test_free_insert
	tests/test_free_left
	tests/test_free_null
	tests/test_free_odd
	tests/test_free_right
	tests/test_insert_chunk
	tests/test_large
	tests/test_locks
	tests/test_malloc_large
	tests/test_malloc_too_large
	tests/test_malloc_zero
	tests/test_multi_malloc
	tests/test_out_of_ram
	tests/test_random
	tests/test_random_sizes
	tests/test_simple0
	tests/test_simple1
	tests/test_simple2
	tests/test_simple3
	tests/test_simple4
	tests/test_simple5
	tests/test_simple6
	tests/test_split
	tests/test_verify
	tests/test_very_large

nothing added to commit but untracked files present
Your branch is up to date with 'origin/master'.
On branch master
Your branch is up to date with 'origin/master'.

Untracked files:
	.local.git.out
	diff.patch
	examples/composite_ex
	examples/constructor_ex
	myMalloc.c.old
	myMalloc.c.orig
	tests/test_all_lists
	tests/test_coalesce_chunk_coalesce
	tests/test_coalesce_chunk_insert
	tests/test_corrupted_canary
	tests/test_double_free
	tests/test_exact
	tests/test_free_both
	tests/test_free_even
	tests/test_free_insert
	tests/test_free_left
	tests/test_free_null
	tests/test_free_odd
	tests/test_free_right
	tests/test_insert_chunk
	tests/test_large
	tests/test_locks
	tests/test_malloc_large
	tests/test_malloc_too_large
	tests/test_malloc_zero
	tests/test_multi_malloc
	tests/test_out_of_ram
	tests/test_random
	tests/test_random_sizes
	tests/test_simple0
	tests/test_simple1
	tests/test_simple2
	tests/test_simple3
	tests/test_simple4
	tests/test_simple5
	tests/test_simple6
	tests/test_split
	tests/test_verify
	tests/test_very_large

nothing added to commit but untracked files present
Your branch is up to date with 'origin/master'.
On branch master
Your branch is up to date with 'origin/master'.

Untracked files:
	.local.git.out
	diff.patch
	examples/composite_ex
	examples/constructor_ex
	myMalloc.c.old
	myMalloc.c.orig
	tests/test_all_lists
	tests/test_coalesce_chunk_coalesce
	tests/test_coalesce_chunk_insert
	tests/test_corrupted_canary
	tests/test_double_free
	tests/test_exact
	tests/test_free_both
	tests/test_free_even
	tests/test_free_insert
	tests/test_free_left
	tests/test_free_null
	tests/test_free_odd
	tests/test_free_right
	tests/test_insert_chunk
	tests/test_large
	tests/test_locks
	tests/test_malloc_large
	tests/test_malloc_too_large
	tests/test_malloc_zero
	tests/test_multi_malloc
	tests/test_out_of_ram
	tests/test_random
	tests/test_random_sizes
	tests/test_simple0
	tests/test_simple1
	tests/test_simple2
	tests/test_simple3
	tests/test_simple4
	tests/test_simple5
	tests/test_simple6
	tests/test_split
	tests/test_verify
	tests/test_very_large

nothing added to commit but untracked files present
Your branch is up to date with 'origin/master'.
On branch master
Your branch is up to date with 'origin/master'.

Untracked files:
	.local.git.out
	diff.patch
	examples/composite_ex
	examples/constructor_ex
	myMalloc.c.old
	myMalloc.c.orig
	tests/test_all_lists
	tests/test_coalesce_chunk_coalesce
	tests/test_coalesce_chunk_insert
	tests/test_corrupted_canary
	tests/test_double_free
	tests/test_exact
	tests/test_free_both
	tests/test_free_even
	tests/test_free_insert
	tests/test_free_left
	tests/test_free_null
	tests/test_free_odd
	tests/test_free_right
	tests/test_insert_chunk
	tests/test_large
	tests/test_locks
	tests/test_malloc_large
	tests/test_malloc_too_large
	tests/test_malloc_zero
	tests/test_multi_malloc
	tests/test_out_of_ram
	tests/test_random
	tests/test_random_sizes
	tests/test_simple0
	tests/test_simple1
	tests/test_simple2
	tests/test_simple3
	tests/test_simple4
	tests/test_simple5
	tests/test_simple6
	tests/test_split
	tests/test_verify
	tests/test_very_large

nothing added to commit but untracked files present
Your branch is up to date with 'origin/master'.
On branch master
Your branch is up to date with 'origin/master'.

Untracked files:
	.local.git.out
	diff.patch
	examples/composite_ex
	examples/constructor_ex
	myMalloc.c.old
	myMalloc.c.orig
	tests/test_all_lists
	tests/test_coalesce_chunk_coalesce
	tests/test_coalesce_chunk_insert
	tests/test_corrupted_canary
	tests/test_double_free
	tests/test_exact
	tests/test_free_both
	tests/test_free_even
	tests/test_free_insert
	tests/test_free_left
	tests/test_free_null
	tests/test_free_odd
	tests/test_free_right
	tests/test_insert_chunk
	tests/test_large
	tests/test_locks
	tests/test_malloc_large
	tests/test_malloc_too_large
	tests/test_malloc_zero
	tests/test_multi_malloc
	tests/test_out_of_ram
	tests/test_random
	tests/test_random_sizes
	tests/test_simple0
	tests/test_simple1
	tests/test_simple2
	tests/test_simple3
	tests/test_simple4
	tests/test_simple5
	tests/test_simple6
	tests/test_split
	tests/test_verify
	tests/test_very_large

nothing added to commit but untracked files present
Your branch is up to date with 'origin/master'.
On branch master
Your branch is up to date with 'origin/master'.

Untracked files:
	.local.git.out
	diff.patch
	examples/composite_ex
	examples/constructor_ex
	myMalloc.c.old
	myMalloc.c.orig
	tests/test_all_lists
	tests/test_coalesce_chunk_coalesce
	tests/test_coalesce_chunk_insert
	tests/test_corrupted_canary
	tests/test_double_free
	tests/test_exact
	tests/test_free_both
	tests/test_free_even
	tests/test_free_insert
	tests/test_free_left
	tests/test_free_null
	tests/test_free_odd
	tests/test_free_right
	tests/test_insert_chunk
	tests/test_large
	tests/test_locks
	tests/test_malloc_large
	tests/test_malloc_too_large
	tests/test_malloc_zero
	tests/test_multi_malloc
	tests/test_out_of_ram
	tests/test_random
	tests/test_random_sizes
	tests/test_simple0
	tests/test_simple1
	tests/test_simple2
	tests/test_simple3
	tests/test_simple4
	tests/test_simple5
	tests/test_simple6
	tests/test_split
	tests/test_verify
	tests/test_very_large

nothing added to commit but untracked files present
Your branch is up to date with 'origin/master'.
On branch master
Your branch is up to date with 'origin/master'.

Untracked files:
	.local.git.out
	diff.patch
	examples/composite_ex
	examples/constructor_ex
	myMalloc.c.old
	myMalloc.c.orig
	tests/test_all_lists
	tests/test_coalesce_chunk_coalesce
	tests/test_coalesce_chunk_insert
	tests/test_corrupted_canary
	tests/test_double_free
	tests/test_exact
	tests/test_free_both
	tests/test_free_even
	tests/test_free_insert
	tests/test_free_left
	tests/test_free_null
	tests/test_free_odd
	tests/test_free_right
	tests/test_insert_chunk
	tests/test_large
	tests/test_locks
	tests/test_malloc_large
	tests/test_malloc_too_large
	tests/test_malloc_zero
	tests/test_multi_malloc
	tests/test_out_of_ram
	tests/test_random
	tests/test_random_sizes
	tests/test_simple0
	tests/test_simple1
	tests/test_simple2
	tests/test_simple3
	tests/test_simple4
	tests/test_simple5
	tests/test_simple6
	tests/test_split
	tests/test_verify
	tests/test_very_large

nothing added to commit but untracked files present
Your branch is up to date with 'origin/master'.
On branch master
Your branch is up to date with 'origin/master'.

Untracked files:
	.local.git.out
	diff.patch
	examples/composite_ex
	examples/constructor_ex
	myMalloc.c.old
	myMalloc.c.orig
	tests/test_all_lists
	tests/test_coalesce_chunk_coalesce
	tests/test_coalesce_chunk_insert
	tests/test_corrupted_canary
	tests/test_double_free
	tests/test_exact
	tests/test_free_both
	tests/test_free_even
	tests/test_free_insert
	tests/test_free_left
	tests/test_free_null
	tests/test_free_odd
	tests/test_free_right
	tests/test_insert_chunk
	tests/test_large
	tests/test_locks
	tests/test_malloc_large
	tests/test_malloc_too_large
	tests/test_malloc_zero
	tests/test_multi_malloc
	tests/test_out_of_ram
	tests/test_random
	tests/test_random_sizes
	tests/test_simple0
	tests/test_simple1
	tests/test_simple2
	tests/test_simple3
	tests/test_simple4
	tests/test_simple5
	tests/test_simple6
	tests/test_split
	tests/test_verify
	tests/test_very_large

nothing added to commit but untracked files present
Your branch is up to date with 'origin/master'.
On branch master
Your branch is up to date with 'origin/master'.

Untracked files:
	.local.git.out
	diff.patch
	examples/composite_ex
	examples/constructor_ex
	myMalloc.c.old
	myMalloc.c.orig
	tests/test_all_lists
	tests/test_coalesce_chunk_coalesce
	tests/test_coalesce_chunk_insert
	tests/test_corrupted_canary
	tests/test_double_free
	tests/test_exact
	tests/test_free_both
	tests/test_free_even
	tests/test_free_insert
	tests/test_free_left
	tests/test_free_null
	tests/test_free_odd
	tests/test_free_right
	tests/test_insert_chunk
	tests/test_large
	tests/test_locks
	tests/test_malloc_large
	tests/test_malloc_too_large
	tests/test_malloc_zero
	tests/test_multi_malloc
	tests/test_out_of_ram
	tests/test_random
	tests/test_random_sizes
	tests/test_simple0
	tests/test_simple1
	tests/test_simple2
	tests/test_simple3
	tests/test_simple4
	tests/test_simple5
	tests/test_simple6
	tests/test_split
	tests/test_verify
	tests/test_very_large

nothing added to commit but untracked files present
Your branch is up to date with 'origin/master'.
On branch master
Your branch is up to date with 'origin/master'.

Untracked files:
	.local.git.out
	diff.patch
	examples/composite_ex
	examples/constructor_ex
	myMalloc.c.old
	myMalloc.c.orig
	tests/test_all_lists
	tests/test_coalesce_chunk_coalesce
	tests/test_coalesce_chunk_insert
	tests/test_corrupted_canary
	tests/test_double_free
	tests/test_exact
	tests/test_free_both
	tests/test_free_even
	tests/test_free_insert
	tests/test_free_left
	tests/test_free_null
	tests/test_free_odd
	tests/test_free_right
	tests/test_insert_chunk
	tests/test_large
	tests/test_locks
	tests/test_malloc_large
	tests/test_malloc_too_large
	tests/test_malloc_zero
	tests/test_multi_malloc
	tests/test_out_of_ram
	tests/test_random
	tests/test_random_sizes
	tests/test_simple0
	tests/test_simple1
	tests/test_simple2
	tests/test_simple3
	tests/test_simple4
	tests/test_simple5
	tests/test_simple6
	tests/test_split
	tests/test_verify
	tests/test_very_large

nothing added to commit but untracked files present
Your branch is up to date with 'origin/master'.
On branch master
Your branch is up to date with 'origin/master'.

Untracked files:
	.local.git.out
	diff.patch
	examples/composite_ex
	examples/constructor_ex
	myMalloc.c.old
	myMalloc.c.orig
	tests/test_all_lists
	tests/test_coalesce_chunk_coalesce
	tests/test_coalesce_chunk_insert
	tests/test_corrupted_canary
	tests/test_double_free
	tests/test_exact
	tests/test_free_both
	tests/test_free_even
	tests/test_free_insert
	tests/test_free_left
	tests/test_free_null
	tests/test_free_odd
	tests/test_free_right
	tests/test_insert_chunk
	tests/test_large
	tests/test_locks
	tests/test_malloc_large
	tests/test_malloc_too_large
	tests/test_malloc_zero
	tests/test_multi_malloc
	tests/test_out_of_ram
	tests/test_random
	tests/test_random_sizes
	tests/test_simple0
	tests/test_simple1
	tests/test_simple2
	tests/test_simple3
	tests/test_simple4
	tests/test_simple5
	tests/test_simple6
	tests/test_split
	tests/test_verify
	tests/test_very_large

nothing added to commit but untracked files present
Your branch is up to date with 'origin/master'.
On branch master
Your branch is up to date with 'origin/master'.

Untracked files:
	.local.git.out
	diff.patch
	examples/composite_ex
	examples/constructor_ex
	myMalloc.c.old
	myMalloc.c.orig
	tests/test_all_lists
	tests/test_coalesce_chunk_coalesce
	tests/test_coalesce_chunk_insert
	tests/test_corrupted_canary
	tests/test_double_free
	tests/test_exact
	tests/test_free_both
	tests/test_free_even
	tests/test_free_insert
	tests/test_free_left
	tests/test_free_null
	tests/test_free_odd
	tests/test_free_right
	tests/test_insert_chunk
	tests/test_large
	tests/test_locks
	tests/test_malloc_large
	tests/test_malloc_too_large
	tests/test_malloc_zero
	tests/test_multi_malloc
	tests/test_out_of_ram
	tests/test_random
	tests/test_random_sizes
	tests/test_simple0
	tests/test_simple1
	tests/test_simple2
	tests/test_simple3
	tests/test_simple4
	tests/test_simple5
	tests/test_simple6
	tests/test_split
	tests/test_verify
	tests/test_very_large

nothing added to commit but untracked files present
Your branch is up to date with 'origin/master'.
On branch master
Your branch is up to date with 'origin/master'.

Untracked files:
	.local.git.out
	diff.patch
	examples/composite_ex
	examples/constructor_ex
	myMalloc.c.old
	myMalloc.c.orig
	tests/test_all_lists
	tests/test_coalesce_chunk_coalesce
	tests/test_coalesce_chunk_insert
	tests/test_corrupted_canary
	tests/test_double_free
	tests/test_exact
	tests/test_free_both
	tests/test_free_even
	tests/test_free_insert
	tests/test_free_left
	tests/test_free_null
	tests/test_free_odd
	tests/test_free_right
	tests/test_insert_chunk
	tests/test_large
	tests/test_locks
	tests/test_malloc_large
	tests/test_malloc_too_large
	tests/test_malloc_zero
	tests/test_multi_malloc
	tests/test_out_of_ram
	tests/test_random
	tests/test_random_sizes
	tests/test_simple0
	tests/test_simple1
	tests/test_simple2
	tests/test_simple3
	tests/test_simple4
	tests/test_simple5
	tests/test_simple6
	tests/test_split
	tests/test_verify
	tests/test_very_large

nothing added to commit but untracked files present
Your branch is up to date with 'origin/master'.
On branch master
Your branch is up to date with 'origin/master'.

Untracked files:
	.local.git.out
	diff.patch
	examples/composite_ex
	examples/constructor_ex
	myMalloc.c.old
	myMalloc.c.orig
	tests/test_all_lists
	tests/test_coalesce_chunk_coalesce
	tests/test_coalesce_chunk_insert
	tests/test_corrupted_canary
	tests/test_double_free
	tests/test_exact
	tests/test_free_both
	tests/test_free_even
	tests/test_free_insert
	tests/test_free_left
	tests/test_free_null
	tests/test_free_odd
	tests/test_free_right
	tests/test_insert_chunk
	tests/test_large
	tests/test_locks
	tests/test_malloc_large
	tests/test_malloc_too_large
	tests/test_malloc_zero
	tests/test_multi_malloc
	tests/test_out_of_ram
	tests/test_random
	tests/test_random_sizes
	tests/test_simple0
	tests/test_simple1
	tests/test_simple2
	tests/test_simple3
	tests/test_simple4
	tests/test_simple5
	tests/test_simple6
	tests/test_split
	tests/test_verify
	tests/test_very_large

nothing added to commit but untracked files present
Your branch is up to date with 'origin/master'.
On branch master
Your branch is up to date with 'origin/master'.

Untracked files:
	.local.git.out
	diff.patch
	examples/composite_ex
	examples/constructor_ex
	myMalloc.c.old
	myMalloc.c.orig
	tests/test_all_lists
	tests/test_coalesce_chunk_coalesce
	tests/test_coalesce_chunk_insert
	tests/test_corrupted_canary
	tests/test_double_free
	tests/test_exact
	tests/test_free_both
	tests/test_free_even
	tests/test_free_insert
	tests/test_free_left
	tests/test_free_null
	tests/test_free_odd
	tests/test_free_right
	tests/test_insert_chunk
	tests/test_large
	tests/test_locks
	tests/test_malloc_large
	tests/test_malloc_too_large
	tests/test_malloc_zero
	tests/test_multi_malloc
	tests/test_out_of_ram
	tests/test_random
	tests/test_random_sizes
	tests/test_simple0
	tests/test_simple1
	tests/test_simple2
	tests/test_simple3
	tests/test_simple4
	tests/test_simple5
	tests/test_simple6
	tests/test_split
	tests/test_verify
	tests/test_very_large

nothing added to commit but untracked files present
Your branch is up to date with 'origin/master'.
On branch master
Your branch is up to date with 'origin/master'.

Untracked files:
	.local.git.out
	diff.patch
	examples/composite_ex
	examples/constructor_ex
	myMalloc.c.old
	myMalloc.c.orig
	tests/test_all_lists
	tests/test_coalesce_chunk_coalesce
	tests/test_coalesce_chunk_insert
	tests/test_corrupted_canary
	tests/test_double_free
	tests/test_exact
	tests/test_free_both
	tests/test_free_even
	tests/test_free_insert
	tests/test_free_left
	tests/test_free_null
	tests/test_free_odd
	tests/test_free_right
	tests/test_insert_chunk
	tests/test_large
	tests/test_locks
	tests/test_malloc_large
	tests/test_malloc_too_large
	tests/test_malloc_zero
	tests/test_multi_malloc
	tests/test_out_of_ram
	tests/test_random
	tests/test_random_sizes
	tests/test_simple0
	tests/test_simple1
	tests/test_simple2
	tests/test_simple3
	tests/test_simple4
	tests/test_simple5
	tests/test_simple6
	tests/test_split
	tests/test_verify
	tests/test_very_large

nothing added to commit but untracked files present
Your branch is up to date with 'origin/master'.
On branch master
Your branch is up to date with 'origin/master'.

Untracked files:
	.local.git.out
	diff.patch
	myMalloc.c.old
	myMalloc.c.orig

nothing added to commit but untracked files present
A	.local.git.out
A	diff.patch
A	myMalloc.c.old
A	myMalloc.c.orig
Your branch is up to date with 'origin/master'.
[master f3d89ef] Commit
 4 files changed, 3012 insertions(+)
 create mode 100644 .local.git.out
 create mode 100644 diff.patch
 create mode 100644 myMalloc.c.old
 create mode 100644 myMalloc.c.orig
M	.local.git.out
A	1.diff
A	1.patch
A	2.diff
A	chunktest
A	chunktest1
A	dif1.patch
A	diffchunk.patch
A	examples/composite_ex
A	examples/constructor_ex
A	output
A	output1
A	output2
A	output3
A	outsimple5
A	outsimple55
A	tests/test_all_lists
A	tests/test_coalesce_chunk_coalesce
A	tests/test_coalesce_chunk_insert
A	tests/test_corrupted_canary
A	tests/test_double_free
A	tests/test_exact
A	tests/test_free_both
A	tests/test_free_even
A	tests/test_free_insert
A	tests/test_free_left
A	tests/test_free_null
A	tests/test_free_odd
A	tests/test_free_right
A	tests/test_insert_chunk
A	tests/test_large
A	tests/test_locks
A	tests/test_malloc_large
A	tests/test_malloc_too_large
A	tests/test_malloc_zero
A	tests/test_multi_malloc
A	tests/test_out_of_ram
A	tests/test_random
A	tests/test_random_sizes
A	tests/test_simple0
A	tests/test_simple1
A	tests/test_simple2
A	tests/test_simple3
A	tests/test_simple4
A	tests/test_simple5
A	tests/test_simple6
A	tests/test_split
A	tests/test_verify
A	tests/test_very_large
Your branch is up to date with 'origin/master'.
[master 39a2f6e] Commit
 49 files changed, 981 insertions(+)
 create mode 100644 1.diff
 create mode 100644 1.patch
 create mode 100644 2.diff
 create mode 100644 chunktest
 create mode 100644 chunktest1
 create mode 100644 dif1.patch
 create mode 100644 diffchunk.patch
 create mode 100755 examples/composite_ex
 create mode 100755 examples/constructor_ex
 create mode 100644 output
 create mode 100644 output1
 create mode 100644 output2
 create mode 100644 output3
 create mode 100644 outsimple5
 create mode 100644 outsimple55
 create mode 100755 tests/test_all_lists
 create mode 100755 tests/test_coalesce_chunk_coalesce
 create mode 100755 tests/test_coalesce_chunk_insert
 create mode 100755 tests/test_corrupted_canary
 create mode 100755 tests/test_double_free
 create mode 100755 tests/test_exact
 create mode 100755 tests/test_free_both
 create mode 100755 tests/test_free_even
 create mode 100755 tests/test_free_insert
 create mode 100755 tests/test_free_left
 create mode 100755 tests/test_free_null
 create mode 100755 tests/test_free_odd
 create mode 100755 tests/test_free_right
 create mode 100755 tests/test_insert_chunk
 create mode 100755 tests/test_large
 create mode 100755 tests/test_locks
 create mode 100755 tests/test_malloc_large
 create mode 100755 tests/test_malloc_too_large
 create mode 100755 tests/test_malloc_zero
 create mode 100755 tests/test_multi_malloc
 create mode 100755 tests/test_out_of_ram
 create mode 100755 tests/test_random
 create mode 100755 tests/test_random_sizes
 create mode 100755 tests/test_simple0
 create mode 100755 tests/test_simple1
 create mode 100755 tests/test_simple2
 create mode 100755 tests/test_simple3
 create mode 100755 tests/test_simple4
 create mode 100755 tests/test_simple5
 create mode 100755 tests/test_simple6
 create mode 100755 tests/test_split
 create mode 100755 tests/test_verify
 create mode 100755 tests/test_very_large
